Build started 21.04.2016 6:52:39.
     1>Project "C:\Users\Саша\Documents\Visual Studio 2013\Projects\LabsPP\Lab5\Lab5.vcxproj" on node 2 (Build target(s)).
     1>ClCompile:
         C:\Program Files (x86)\Microsoft Visual Studio 12.0\VC\bin\CL.exe /c /ZI /nologo /W3 /WX- /Od /Oy- /D WIN32 /D _DEBUG /D _CONSOLE /D _LIB /D _UNICODE /D UNICODE /Gm /EHsc /RTC1 /MDd /GS /fp:precise /Zc:wchar_t /Zc:forScope /Fo"Debug\\" /Fd"Debug\vc120.pdb" /Gd /TP /analyze- /errorReport:prompt Lab5.cpp other.cpp
         other.cpp
     1>c:\users\саша\documents\visual studio 2013\projects\labspp\lab5\other.cpp(96): warning C4018: '<' : signed/unsigned mismatch
     1>c:\users\саша\documents\visual studio 2013\projects\labspp\lab5\other.cpp(111): warning C4018: '<' : signed/unsigned mismatch
     1>c:\users\саша\documents\visual studio 2013\projects\labspp\lab5\other.cpp(126): warning C4018: '<' : signed/unsigned mismatch
     1>c:\users\саша\documents\visual studio 2013\projects\labspp\lab5\other.cpp(167): warning C4996: 'scanf': This function or variable may be unsafe. Consider using scanf_s instead. To disable deprecation, use _CRT_SECURE_NO_WARNINGS. See online help for details.
                 c:\program files (x86)\microsoft visual studio 12.0\vc\include\stdio.h(283) : see declaration of 'scanf'
     1>c:\users\саша\documents\visual studio 2013\projects\labspp\lab5\other.cpp(173): warning C4996: 'scanf': This function or variable may be unsafe. Consider using scanf_s instead. To disable deprecation, use _CRT_SECURE_NO_WARNINGS. See online help for details.
                 c:\program files (x86)\microsoft visual studio 12.0\vc\include\stdio.h(283) : see declaration of 'scanf'
     1>c:\users\саша\documents\visual studio 2013\projects\labspp\lab5\other.cpp(180): warning C4996: 'scanf': This function or variable may be unsafe. Consider using scanf_s instead. To disable deprecation, use _CRT_SECURE_NO_WARNINGS. See online help for details.
                 c:\program files (x86)\microsoft visual studio 12.0\vc\include\stdio.h(283) : see declaration of 'scanf'
     1>c:\users\саша\documents\visual studio 2013\projects\labspp\lab5\other.cpp(193): warning C4996: 'scanf': This function or variable may be unsafe. Consider using scanf_s instead. To disable deprecation, use _CRT_SECURE_NO_WARNINGS. See online help for details.
                 c:\program files (x86)\microsoft visual studio 12.0\vc\include\stdio.h(283) : see declaration of 'scanf'
     1>c:\users\саша\documents\visual studio 2013\projects\labspp\lab5\other.cpp(206): warning C4996: 'scanf': This function or variable may be unsafe. Consider using scanf_s instead. To disable deprecation, use _CRT_SECURE_NO_WARNINGS. See online help for details.
                 c:\program files (x86)\microsoft visual studio 12.0\vc\include\stdio.h(283) : see declaration of 'scanf'
         Lab5.cpp
     1>c:\users\саша\documents\visual studio 2013\projects\labspp\lab5\lab5.cpp(22): warning C4996: 'scanf': This function or variable may be unsafe. Consider using scanf_s instead. To disable deprecation, use _CRT_SECURE_NO_WARNINGS. See online help for details.
                 c:\program files (x86)\microsoft visual studio 12.0\vc\include\stdio.h(283) : see declaration of 'scanf'
     1>c:\users\саша\documents\visual studio 2013\projects\labspp\lab5\lab5.cpp(25): warning C4996: 'scanf': This function or variable may be unsafe. Consider using scanf_s instead. To disable deprecation, use _CRT_SECURE_NO_WARNINGS. See online help for details.
                 c:\program files (x86)\microsoft visual studio 12.0\vc\include\stdio.h(283) : see declaration of 'scanf'
     1>c:\users\саша\documents\visual studio 2013\projects\labspp\lab5\lab5.cpp(28): warning C4996: 'scanf': This function or variable may be unsafe. Consider using scanf_s instead. To disable deprecation, use _CRT_SECURE_NO_WARNINGS. See online help for details.
                 c:\program files (x86)\microsoft visual studio 12.0\vc\include\stdio.h(283) : see declaration of 'scanf'
     1>c:\users\саша\documents\visual studio 2013\projects\labspp\lab5\lab5.cpp(79): warning C4996: 'scanf': This function or variable may be unsafe. Consider using scanf_s instead. To disable deprecation, use _CRT_SECURE_NO_WARNINGS. See online help for details.
                 c:\program files (x86)\microsoft visual studio 12.0\vc\include\stdio.h(283) : see declaration of 'scanf'
     1>c:\users\саша\documents\visual studio 2013\projects\labspp\lab5\lab5.cpp(112): warning C4996: 'scanf': This function or variable may be unsafe. Consider using scanf_s instead. To disable deprecation, use _CRT_SECURE_NO_WARNINGS. See online help for details.
                 c:\program files (x86)\microsoft visual studio 12.0\vc\include\stdio.h(283) : see declaration of 'scanf'
     1>c:\users\саша\documents\visual studio 2013\projects\labspp\lab5\lab5.cpp(254): warning C4551: function call missing argument list
         Generating Code...
       Link:
         C:\Program Files (x86)\Microsoft Visual Studio 12.0\VC\bin\link.exe /ERRORREPORT:PROMPT /OUT:"C:\Users\Саша\Documents\Visual Studio 2013\Projects\LabsPP\Debug\Lab5.exe" /INCREMENTAL /NOLOGO kernel32.lib user32.lib gdi32.lib winspool.lib comdlg32.lib advapi32.lib shell32.lib ole32.lib oleaut32.lib uuid.lib odbc32.lib odbccp32.lib /MANIFEST /MANIFESTUAC:"level='asInvoker' uiAccess='false'" /manifest:embed /DEBUG /PDB:"C:\Users\Саша\Documents\Visual Studio 2013\Projects\LabsPP\Debug\Lab5.pdb" /SUBSYSTEM:CONSOLE /TLBID:1 /DYNAMICBASE /NXCOMPAT /IMPLIB:"C:\Users\Саша\Documents\Visual Studio 2013\Projects\LabsPP\Debug\Lab5.lib" /MACHINE:X86 Debug\Lab5.obj
         Debug\other.obj
         Lab5.vcxproj -> C:\Users\Саша\Documents\Visual Studio 2013\Projects\LabsPP\Debug\Lab5.exe
     1>Done Building Project "C:\Users\Саша\Documents\Visual Studio 2013\Projects\LabsPP\Lab5\Lab5.vcxproj" (Build target(s)).

Build succeeded.

Time Elapsed 00:00:01.80
